0 info it worked if it ends with ok
1 verbose cli [ 'C:\\Program Files\\nodist/v/0.10.35/node.exe',
1 verbose cli   'C:\\Program Files\\nodist\\bin\\node_modules\\npm\\bin\\npm-cli.js',
1 verbose cli   'install' ]
2 info using npm@2.1.18
3 info using node@v0.10.35
4 verbose node symlink C:\Program Files\nodist/v/0.10.35/node.exe
5 error install Couldn't read dependencies
6 verbose stack Error: Failed to parse json
6 verbose stack Unexpected token }
6 verbose stack     at parseError (C:\Program Files\nodist\bin\node_modules\npm\node_modules\read-package-json\read-json.js:378:25)
6 verbose stack     at parseJson (C:\Program Files\nodist\bin\node_modules\npm\node_modules\read-package-json\read-json.js:85:51)
6 verbose stack     at C:\Program Files\nodist\bin\node_modules\npm\node_modules\read-package-json\read-json.js:59:33
6 verbose stack     at evalmachine.<anonymous>:272:14
6 verbose stack     at C:\Program Files\nodist\bin\node_modules\npm\node_modules\graceful-fs\graceful-fs.js:102:5
6 verbose stack     at Object.oncomplete (evalmachine.<anonymous>:108:15)
7 verbose cwd C:\Users\DEY14\Projects\password-reset
8 error Windows_NT 6.1.7601
9 error argv "C:\\Program Files\\nodist/v/0.10.35/node.exe" "C:\\Program Files\\nodist\\bin\\node_modules\\npm\\bin\\npm-cli.js" "install"
10 error node v0.10.35
11 error npm  v2.1.18
12 error file C:\Users\DEY14\Projects\password-reset\package.json
13 error code EJSONPARSE
14 error Failed to parse json
14 error Unexpected token }
15 error File: C:\Users\DEY14\Projects\password-reset\package.json
16 error Failed to parse package.json data.
16 error package.json must be actual JSON, not just JavaScript.
16 error
16 error This is not a bug in npm.
16 error Tell the package author to fix their package.json file. JSON.parse
17 verbose exit [ 1, true ]
